[INFO] 2018-12-26 15:01:02,107 method:org.springframework.test.context.support.AbstractTestContextBootstrapper.buildDefaultMergedContextConfiguration(AbstractTestContextBootstrapper.java:319)
Neither @ContextConfiguration nor @ContextHierarchy found for test class [com.xieke.admin.CommonAdminApplicationTests], using SpringBootContextLoader
[INFO] 2018-12-26 15:01:02,117 method:org.springframework.test.context.support.AbstractContextLoader.generateDefaultLocations(AbstractContextLoader.java:264)
Could not detect default resource locations for test class [com.xieke.admin.CommonAdminApplicationTests]: no resource found for suffixes {-context.xml, Context.groovy}.
[INFO] 2018-12-26 15:01:02,117 method:org.springframework.test.context.support.AnnotationConfigContextLoaderUtils.detectDefaultConfigurationClasses(AnnotationConfigContextLoaderUtils.java:81)
Could not detect default configuration classes for test class [com.xieke.admin.CommonAdminApplicationTests]: CommonAdminApplicationTests does not declare any static, non-private, non-final, nested classes annotated with @Configuration.
[INFO] 2018-12-26 15:01:02,266 method:org.springframework.boot.test.context.SpringBootTestContextBootstrapper.getOrFindConfigurationClasses(SpringBootTestContextBootstrapper.java:206)
Found @SpringBootConfiguration com.xieke.admin.CommonAdminApplication for test class com.xieke.admin.CommonAdminApplicationTests
[INFO] 2018-12-26 15:01:02,276 method:org.springframework.test.context.support.AbstractTestContextBootstrapper.getDefaultTestExecutionListenerClassNames(AbstractTestContextBootstrapper.java:260)
Loaded default TestExecutionListener class names from location [META-INF/spring.factories]: [org.springframework.boot.test.mock.mockito.MockitoTestExecutionListener, org.springframework.boot.test.mock.mockito.ResetMocksTestExecutionListener, org.springframework.boot.test.autoconfigure.restdocs.RestDocsTestExecutionListener, org.springframework.boot.test.autoconfigure.web.client.MockRestServiceServerResetTestExecutionListener, org.springframework.boot.test.autoconfigure.web.servlet.MockMvcPrintOnlyOnFailureTestExecutionListener, org.springframework.boot.test.autoconfigure.web.servlet.WebDriverTestExecutionListener, org.springframework.test.context.web.ServletTestExecutionListener, org.springframework.test.context.support.DirtiesContextBeforeModesTestExecutionListener, org.springframework.test.context.support.DependencyInjectionTestExecutionListener, org.springframework.test.context.support.DirtiesContextTestExecutionListener, org.springframework.test.context.transaction.TransactionalTestExecutionListener, org.springframework.test.context.jdbc.SqlScriptsTestExecutionListener]
[INFO] 2018-12-26 15:01:02,306 method:org.springframework.test.context.support.AbstractTestContextBootstrapper.getTestExecutionListeners(AbstractTestContextBootstrapper.java:187)
Using TestExecutionListeners: [org.springframework.test.context.web.ServletTestExecutionListener@7fe8ea47, org.springframework.test.context.support.DirtiesContextBeforeModesTestExecutionListener@226a82c4, org.springframework.boot.test.autoconfigure.SpringBootDependencyInjectionTestExecutionListener@731f8236, org.springframework.test.context.support.DirtiesContextTestExecutionListener@255b53dc, org.springframework.test.context.transaction.TransactionalTestExecutionListener@1dd92fe2, org.springframework.test.context.jdbc.SqlScriptsTestExecutionListener@6b53e23f, org.springframework.boot.test.mock.mockito.MockitoTestExecutionListener@64d2d351, org.springframework.boot.test.mock.mockito.ResetMocksTestExecutionListener@1b68b9a4, org.springframework.boot.test.autoconfigure.web.client.MockRestServiceServerResetTestExecutionListener@4f9a3314, org.springframework.boot.test.autoconfigure.web.servlet.WebDriverTestExecutionListener@3b2c72c2, org.springframework.boot.test.autoconfigure.restdocs.RestDocsTestExecutionListener@491666ad, org.springframework.boot.test.autoconfigure.web.servlet.MockMvcPrintOnlyOnFailureTestExecutionListener@176d53b2]
[INFO] 2018-12-26 15:01:02,316 method:org.springframework.test.context.support.AbstractTestContextBootstrapper.buildDefaultMergedContextConfiguration(AbstractTestContextBootstrapper.java:319)
Neither @ContextConfiguration nor @ContextHierarchy found for test class [com.xieke.admin.CommonAdminApplicationTests], using SpringBootContextLoader
[INFO] 2018-12-26 15:01:02,316 method:org.springframework.test.context.support.AbstractContextLoader.generateDefaultLocations(AbstractContextLoader.java:264)
Could not detect default resource locations for test class [com.xieke.admin.CommonAdminApplicationTests]: no resource found for suffixes {-context.xml, Context.groovy}.
[INFO] 2018-12-26 15:01:02,316 method:org.springframework.test.context.support.AnnotationConfigContextLoaderUtils.detectDefaultConfigurationClasses(AnnotationConfigContextLoaderUtils.java:81)
Could not detect default configuration classes for test class [com.xieke.admin.CommonAdminApplicationTests]: CommonAdminApplicationTests does not declare any static, non-private, non-final, nested classes annotated with @Configuration.
[INFO] 2018-12-26 15:01:02,316 method:org.springframework.boot.test.context.SpringBootTestContextBootstrapper.getOrFindConfigurationClasses(SpringBootTestContextBootstrapper.java:206)
Found @SpringBootConfiguration com.xieke.admin.CommonAdminApplication for test class com.xieke.admin.CommonAdminApplicationTests
[INFO] 2018-12-26 15:01:02,326 method:org.springframework.test.context.support.AbstractTestContextBootstrapper.getDefaultTestExecutionListenerClassNames(AbstractTestContextBootstrapper.java:260)
Loaded default TestExecutionListener class names from location [META-INF/spring.factories]: [org.springframework.boot.test.mock.mockito.MockitoTestExecutionListener, org.springframework.boot.test.mock.mockito.ResetMocksTestExecutionListener, org.springframework.boot.test.autoconfigure.restdocs.RestDocsTestExecutionListener, org.springframework.boot.test.autoconfigure.web.client.MockRestServiceServerResetTestExecutionListener, org.springframework.boot.test.autoconfigure.web.servlet.MockMvcPrintOnlyOnFailureTestExecutionListener, org.springframework.boot.test.autoconfigure.web.servlet.WebDriverTestExecutionListener, org.springframework.test.context.web.ServletTestExecutionListener, org.springframework.test.context.support.DirtiesContextBeforeModesTestExecutionListener, org.springframework.test.context.support.DependencyInjectionTestExecutionListener, org.springframework.test.context.support.DirtiesContextTestExecutionListener, org.springframework.test.context.transaction.TransactionalTestExecutionListener, org.springframework.test.context.jdbc.SqlScriptsTestExecutionListener]
[INFO] 2018-12-26 15:01:02,326 method:org.springframework.test.context.support.AbstractTestContextBootstrapper.getTestExecutionListeners(AbstractTestContextBootstrapper.java:187)
Using TestExecutionListeners: [org.springframework.test.context.web.ServletTestExecutionListener@6b419da, org.springframework.test.context.support.DirtiesContextBeforeModesTestExecutionListener@3b2da18f, org.springframework.boot.test.autoconfigure.SpringBootDependencyInjectionTestExecutionListener@5906ebcb, org.springframework.test.context.support.DirtiesContextTestExecutionListener@258e2e41, org.springframework.test.context.transaction.TransactionalTestExecutionListener@3d299e3, org.springframework.test.context.jdbc.SqlScriptsTestExecutionListener@55a561cf, org.springframework.boot.test.mock.mockito.MockitoTestExecutionListener@3b938003, org.springframework.boot.test.mock.mockito.ResetMocksTestExecutionListener@6f3b5d16, org.springframework.boot.test.autoconfigure.web.client.MockRestServiceServerResetTestExecutionListener@78b1cc93, org.springframework.boot.test.autoconfigure.web.servlet.WebDriverTestExecutionListener@6646153, org.springframework.boot.test.autoconfigure.restdocs.RestDocsTestExecutionListener@21507a04, org.springframework.boot.test.autoconfigure.web.servlet.MockMvcPrintOnlyOnFailureTestExecutionListener@143640d5]
[INFO] 2018-12-26 15:01:02,746 method:org.springframework.boot.StartupInfoLogger.logStarting(StartupInfoLogger.java:48)
Starting CommonAdminApplicationTests on PV-11 with PID 3176 (started by Admin in C:\Users\Admin\Desktop\common-admin)
[INFO] 2018-12-26 15:01:02,746 method:org.springframework.boot.SpringApplication.logStartupProfileInfo(SpringApplication.java:593)
No active profile set, falling back to default profiles: default
[INFO] 2018-12-26 15:01:02,976 method:org.springframework.context.support.AbstractApplicationContext.prepareRefresh(AbstractApplicationContext.java:583)
Refreshing org.springframework.web.context.support.GenericWebApplicationContext@4da4253: startup date [Wed Dec 26 15:01:02 CST 2018]; root of context hierarchy
[INFO] 2018-12-26 15:01:03,396 method:org.hibernate.validator.internal.util.Version.<clinit>(Version.java:30)
HV000001: Hibernate Validator 5.3.6.Final
[INFO] 2018-12-26 15:01:03,846 method:org.springframework.data.repository.config.RepositoryConfigurationDelegate.multipleStoresDetected(RepositoryConfigurationDelegate.java:165)
Multiple Spring Data modules found, entering strict repository configuration mode!
[INFO] 2018-12-26 15:01:04,345 method:org.springframework.context.support.PostProcessorRegistrationDelegate$BeanPostProcessorChecker.postProcessAfterInitialization(PostProcessorRegistrationDelegate.java:327)
Bean 'shiroConfig' of type [com.xieke.admin.config.ShiroConfig$$EnhancerBySpringCGLIB$$c4c95493] is not eligible for getting processed by all BeanPostProcessors (for example: not eligible for auto-proxying)
[INFO] 2018-12-26 15:01:04,685 method:org.springframework.context.support.PostProcessorRegistrationDelegate$BeanPostProcessorChecker.postProcessAfterInitialization(PostProcessorRegistrationDelegate.java:327)
Bean 'hashedCredentialsMatcher' of type [org.apache.shiro.authc.credential.HashedCredentialsMatcher] is not eligible for getting processed by all BeanPostProcessors (for example: not eligible for auto-proxying)
[INFO] 2018-12-26 15:01:05,005 method:org.springframework.context.support.PostProcessorRegistrationDelegate$BeanPostProcessorChecker.postProcessAfterInitialization(PostProcessorRegistrationDelegate.java:327)
Bean 'mybatis-plus-com.baomidou.mybatisplus.spring.boot.starter.MybatisPlusProperties' of type [com.baomidou.mybatisplus.spring.boot.starter.MybatisPlusProperties] is not eligible for getting processed by all BeanPostProcessors (for example: not eligible for auto-proxying)
[INFO] 2018-12-26 15:01:05,005 method:org.springframework.context.support.PostProcessorRegistrationDelegate$BeanPostProcessorChecker.postProcessAfterInitialization(PostProcessorRegistrationDelegate.java:327)
Bean 'mybatisPlusConfig' of type [com.xieke.admin.config.MybatisPlusConfig$$EnhancerBySpringCGLIB$$3166bf2f] is not eligible for getting processed by all BeanPostProcessors (for example: not eligible for auto-proxying)
[INFO] 2018-12-26 15:01:05,015 method:org.springframework.context.support.PostProcessorRegistrationDelegate$BeanPostProcessorChecker.postProcessAfterInitialization(PostProcessorRegistrationDelegate.java:327)
Bean 'performanceInterceptor' of type [com.baomidou.mybatisplus.plugins.PerformanceInterceptor] is not eligible for getting processed by all BeanPostProcessors (for example: not eligible for auto-proxying)
[INFO] 2018-12-26 15:01:05,035 method:org.springframework.context.support.PostProcessorRegistrationDelegate$BeanPostProcessorChecker.postProcessAfterInitialization(PostProcessorRegistrationDelegate.java:327)
Bean 'paginationInterceptor' of type [com.baomidou.mybatisplus.plugins.PaginationInterceptor] is not eligible for getting processed by all BeanPostProcessors (for example: not eligible for auto-proxying)
[INFO] 2018-12-26 15:01:05,065 method:org.springframework.context.support.PostProcessorRegistrationDelegate$BeanPostProcessorChecker.postProcessAfterInitialization(PostProcessorRegistrationDelegate.java:327)
Bean 'com.baomidou.mybatisplus.spring.boot.starter.MybatisPlusAutoConfiguration' of type [com.baomidou.mybatisplus.spring.boot.starter.MybatisPlusAutoConfiguration$$EnhancerBySpringCGLIB$$30126758] is not eligible for getting processed by all BeanPostProcessors (for example: not eligible for auto-proxying)
[INFO] 2018-12-26 15:01:05,065 method:org.springframework.context.support.PostProcessorRegistrationDelegate$BeanPostProcessorChecker.postProcessAfterInitialization(PostProcessorRegistrationDelegate.java:327)
Bean 'org.springframework.boot.autoconfigure.jdbc.DataSourceConfiguration$Generic' of type [org.springframework.boot.autoconfigure.jdbc.DataSourceConfiguration$Generic] is not eligible for getting processed by all BeanPostProcessors (for example: not eligible for auto-proxying)
[INFO] 2018-12-26 15:01:05,095 method:org.springframework.context.support.PostProcessorRegistrationDelegate$BeanPostProcessorChecker.postProcessAfterInitialization(PostProcessorRegistrationDelegate.java:327)
Bean 'spring.datasource-org.springframework.boot.autoconfigure.jdbc.DataSourceProperties' of type [org.springframework.boot.autoconfigure.jdbc.DataSourceProperties] is not eligible for getting processed by all BeanPostProcessors (for example: not eligible for auto-proxying)
[INFO] 2018-12-26 15:01:05,395 method:org.springframework.context.support.PostProcessorRegistrationDelegate$BeanPostProcessorChecker.postProcessAfterInitialization(PostProcessorRegistrationDelegate.java:327)
Bean 'dataSource' of type [com.alibaba.druid.pool.DruidDataSource] is not eligible for getting processed by all BeanPostProcessors (for example: not eligible for auto-proxying)
[INFO] 2018-12-26 15:01:05,465 method:com.alibaba.druid.pool.DruidDataSource.init(DruidDataSource.java:667)
{dataSource-1} inited
[INFO] 2018-12-26 15:01:06,294 method:org.springframework.context.support.PostProcessorRegistrationDelegate$BeanPostProcessorChecker.postProcessAfterInitialization(PostProcessorRegistrationDelegate.java:327)
Bean 'sqlSessionFactory' of type [org.apache.ibatis.session.defaults.DefaultSqlSessionFactory] is not eligible for getting processed by all BeanPostProcessors (for example: not eligible for auto-proxying)
[INFO] 2018-12-26 15:01:06,314 method:org.springframework.context.support.PostProcessorRegistrationDelegate$BeanPostProcessorChecker.postProcessAfterInitialization(PostProcessorRegistrationDelegate.java:327)
Bean 'sqlSessionTemplate' of type [org.mybatis.spring.SqlSessionTemplate] is not eligible for getting processed by all BeanPostProcessors (for example: not eligible for auto-proxying)
[INFO] 2018-12-26 15:01:06,314 method:org.springframework.context.support.PostProcessorRegistrationDelegate$BeanPostProcessorChecker.postProcessAfterInitialization(PostProcessorRegistrationDelegate.java:327)
Bean 'userMapper' of type [org.mybatis.spring.mapper.MapperFactoryBean] is not eligible for getting processed by all BeanPostProcessors (for example: not eligible for auto-proxying)
[INFO] 2018-12-26 15:01:06,314 method:org.springframework.context.support.PostProcessorRegistrationDelegate$BeanPostProcessorChecker.postProcessAfterInitialization(PostProcessorRegistrationDelegate.java:327)
Bean 'userMapper' of type [com.sun.proxy.$Proxy83] is not eligible for getting processed by all BeanPostProcessors (for example: not eligible for auto-proxying)
[INFO] 2018-12-26 15:01:06,324 method:org.springframework.context.support.PostProcessorRegistrationDelegate$BeanPostProcessorChecker.postProcessAfterInitialization(PostProcessorRegistrationDelegate.java:327)
Bean 'userServiceImpl' of type [com.xieke.admin.service.impl.UserServiceImpl] is not eligible for getting processed by all BeanPostProcessors (for example: not eligible for auto-proxying)
[INFO] 2018-12-26 15:01:06,334 method:org.springframework.context.support.PostProcessorRegistrationDelegate$BeanPostProcessorChecker.postProcessAfterInitialization(PostProcessorRegistrationDelegate.java:327)
Bean 'loginLogMapper' of type [org.mybatis.spring.mapper.MapperFactoryBean] is not eligible for getting processed by all BeanPostProcessors (for example: not eligible for auto-proxying)
[INFO] 2018-12-26 15:01:06,334 method:org.springframework.context.support.PostProcessorRegistrationDelegate$BeanPostProcessorChecker.postProcessAfterInitialization(PostProcessorRegistrationDelegate.java:327)
Bean 'loginLogMapper' of type [com.sun.proxy.$Proxy84] is not eligible for getting processed by all BeanPostProcessors (for example: not eligible for auto-proxying)
[INFO] 2018-12-26 15:01:06,334 method:org.springframework.context.support.PostProcessorRegistrationDelegate$BeanPostProcessorChecker.postProcessAfterInitialization(PostProcessorRegistrationDelegate.java:327)
Bean 'loginLogServiceImpl' of type [com.xieke.admin.service.impl.LoginLogServiceImpl] is not eligible for getting processed by all BeanPostProcessors (for example: not eligible for auto-proxying)
[INFO] 2018-12-26 15:01:06,344 method:org.springframework.context.support.PostProcessorRegistrationDelegate$BeanPostProcessorChecker.postProcessAfterInitialization(PostProcessorRegistrationDelegate.java:327)
Bean 'shiroRealm' of type [com.xieke.admin.config.ShiroRealm] is not eligible for getting processed by all BeanPostProcessors (for example: not eligible for auto-proxying)
[INFO] 2018-12-26 15:01:06,424 method:org.springframework.context.support.PostProcessorRegistrationDelegate$BeanPostProcessorChecker.postProcessAfterInitialization(PostProcessorRegistrationDelegate.java:327)
Bean 'customRedisManager' of type [com.xieke.admin.config.CustomRedisManager] is not eligible for getting processed by all BeanPostProcessors (for example: not eligible for auto-proxying)
[INFO] 2018-12-26 15:01:06,424 method:org.springframework.context.support.PostProcessorRegistrationDelegate$BeanPostProcessorChecker.postProcessAfterInitialization(PostProcessorRegistrationDelegate.java:327)
Bean 'redisCacheManager' of type [org.crazycake.shiro.RedisCacheManager] is not eligible for getting processed by all BeanPostProcessors (for example: not eligible for auto-proxying)
[INFO] 2018-12-26 15:01:06,474 method:org.springframework.context.support.PostProcessorRegistrationDelegate$BeanPostProcessorChecker.postProcessAfterInitialization(PostProcessorRegistrationDelegate.java:327)
Bean 'redisSessionDAO' of type [org.crazycake.shiro.RedisSessionDAO] is not eligible for getting processed by all BeanPostProcessors (for example: not eligible for auto-proxying)
[INFO] 2018-12-26 15:01:06,494 method:org.springframework.context.support.PostProcessorRegistrationDelegate$BeanPostProcessorChecker.postProcessAfterInitialization(PostProcessorRegistrationDelegate.java:327)
Bean 'sessionManager' of type [org.apache.shiro.web.session.mgt.DefaultWebSessionManager] is not eligible for getting processed by all BeanPostProcessors (for example: not eligible for auto-proxying)
[INFO] 2018-12-26 15:01:06,584 method:org.springframework.context.support.PostProcessorRegistrationDelegate$BeanPostProcessorChecker.postProcessAfterInitialization(PostProcessorRegistrationDelegate.java:327)
Bean 'securityManager' of type [org.apache.shiro.web.mgt.DefaultWebSecurityManager] is not eligible for getting processed by all BeanPostProcessors (for example: not eligible for auto-proxying)
[INFO] 2018-12-26 15:01:06,584 method:com.xieke.admin.config.ShiroConfig.shirFilter(ShiroConfig.java:29)
ShiroConfiguration.shirFilter()
[INFO] 2018-12-26 15:01:06,724 method:org.springframework.context.support.PostProcessorRegistrationDelegate$BeanPostProcessorChecker.postProcessAfterInitialization(PostProcessorRegistrationDelegate.java:327)
Bean 'authorizationAttributeSourceAdvisor' of type [org.apache.shiro.spring.security.interceptor.AuthorizationAttributeSourceAdvisor] is not eligible for getting processed by all BeanPostProcessors (for example: not eligible for auto-proxying)
[INFO] 2018-12-26 15:01:06,884 method:org.springframework.context.support.PostProcessorRegistrationDelegate$BeanPostProcessorChecker.postProcessAfterInitialization(PostProcessorRegistrationDelegate.java:327)
Bean 'org.springframework.transaction.annotation.ProxyTransactionManagementConfiguration' of type [org.springframework.transaction.annotation.ProxyTransactionManagementConfiguration$$EnhancerBySpringCGLIB$$e272c8fb] is not eligible for getting processed by all BeanPostProcessors (for example: not eligible for auto-proxying)
[INFO] 2018-12-26 15:01:07,234 method:org.springframework.context.support.PostProcessorRegistrationDelegate$BeanPostProcessorChecker.postProcessAfterInitialization(PostProcessorRegistrationDelegate.java:327)
Bean 'redisConfig' of type [com.xieke.admin.config.RedisConfig$$EnhancerBySpringCGLIB$$f97dbdd] is not eligible for getting processed by all BeanPostProcessors (for example: not eligible for auto-proxying)
[INFO] 2018-12-26 15:01:07,264 method:org.springframework.context.support.PostProcessorRegistrationDelegate$BeanPostProcessorChecker.postProcessAfterInitialization(PostProcessorRegistrationDelegate.java:327)
Bean 'keyGenerator' of type [com.xieke.admin.config.RedisConfig$1] is not eligible for getting processed by all BeanPostProcessors (for example: not eligible for auto-proxying)
[INFO] 2018-12-26 15:01:07,264 method:org.springframework.context.support.PostProcessorRegistrationDelegate$BeanPostProcessorChecker.postProcessAfterInitialization(PostProcessorRegistrationDelegate.java:327)
Bean 'org.springframework.cache.annotation.ProxyCachingConfiguration' of type [org.springframework.cache.annotation.ProxyCachingConfiguration$$EnhancerBySpringCGLIB$$2b84ff19] is not eligible for getting processed by all BeanPostProcessors (for example: not eligible for auto-proxying)
[INFO] 2018-12-26 15:01:09,395 method:org.springframework.web.servlet.mvc.method.annotation.RequestMappingHandlerAdapter.initControllerAdviceCache(RequestMappingHandlerAdapter.java:534)
Looking for @ControllerAdvice: org.springframework.web.context.support.GenericWebApplicationContext@4da4253: startup date [Wed Dec 26 15:01:02 CST 2018]; root of context hierarchy
[INFO] 2018-12-26 15:01:09,535 method:org.springframework.web.servlet.handler.AbstractHandlerMethodMapping$MappingRegistry.register(AbstractHandlerMethodMapping.java:543)
Mapped "{[/kaptcha/getKaptchaImage]}" onto public void com.xieke.admin.web.CaptchaController.getKaptchaImage(javax.servlet.http.HttpServletRequest,javax.servlet.http.HttpServletResponse) throws java.lang.Exception
[INFO] 2018-12-26 15:01:09,535 method:org.springframework.web.servlet.handler.AbstractHandlerMethodMapping$MappingRegistry.register(AbstractHandlerMethodMapping.java:543)
Mapped "{[/code/listData]}" onto public com.xieke.admin.dto.ResultInfo<java.util.Map<java.lang.String, java.lang.Object>> com.xieke.admin.web.CodeController.listData(java.lang.String,java.lang.Integer,java.lang.Integer)
[INFO] 2018-12-26 15:01:09,535 method:org.springframework.web.servlet.handler.AbstractHandlerMethodMapping$MappingRegistry.register(AbstractHandlerMethodMapping.java:543)
Mapped "{[/code/*]}" onto public void com.xieke.admin.web.CodeController.toHtml()
[INFO] 2018-12-26 15:01:09,535 method:org.springframework.web.servlet.handler.AbstractHandlerMethodMapping$MappingRegistry.register(AbstractHandlerMethodMapping.java:543)
Mapped "{[/code/generator]}" onto public void com.xieke.admin.web.CodeController.generator(java.lang.String,javax.servlet.http.HttpServletResponse) throws java.io.IOException
[INFO] 2018-12-26 15:01:09,535 method:org.springframework.web.servlet.handler.AbstractHandlerMethodMapping$MappingRegistry.register(AbstractHandlerMethodMapping.java:543)
Mapped "{[/ || /index]}" onto public java.lang.String com.xieke.admin.web.HomeController.index(org.springframework.ui.Model)
[INFO] 2018-12-26 15:01:09,535 method:org.springframework.web.servlet.handler.AbstractHandlerMethodMapping$MappingRegistry.register(AbstractHandlerMethodMapping.java:543)
Mapped "{[/*]}" onto public void com.xieke.admin.web.HomeController.toHtml()
[INFO] 2018-12-26 15:01:09,535 method:org.springframework.web.servlet.handler.AbstractHandlerMethodMapping$MappingRegistry.register(AbstractHandlerMethodMapping.java:543)
Mapped "{[/login]}" onto public java.lang.String com.xieke.admin.web.HomeController.login(javax.servlet.http.HttpServletRequest) throws com.xieke.admin.ex.BusinessException
[INFO] 2018-12-26 15:01:09,535 method:org.springframework.web.servlet.handler.AbstractHandlerMethodMapping$MappingRegistry.register(AbstractHandlerMethodMapping.java:543)
Mapped "{[/icon/*]}" onto public void com.xieke.admin.web.IconController.toHtml()
[INFO] 2018-12-26 15:01:09,545 method:org.springframework.web.servlet.handler.AbstractHandlerMethodMapping$MappingRegistry.register(AbstractHandlerMethodMapping.java:543)
Mapped "{[/log/listData]}" onto public com.xieke.admin.dto.ResultInfo<java.util.List<com.xieke.admin.entity.Log>> com.xieke.admin.web.LogController.listData(java.lang.String,java.lang.String,java.lang.Integer,java.lang.Integer)
[INFO] 2018-12-26 15:01:09,545 method:org.springframework.web.servlet.handler.AbstractHandlerMethodMapping$MappingRegistry.register(AbstractHandlerMethodMapping.java:543)
Mapped "{[/log/*]}" onto public void com.xieke.admin.web.LogController.toHtml()
[INFO] 2018-12-26 15:01:09,545 method:org.springframework.web.servlet.handler.AbstractHandlerMethodMapping$MappingRegistry.register(AbstractHandlerMethodMapping.java:543)
Mapped "{[/loginLog/listData]}" onto public com.xieke.admin.dto.ResultInfo<java.util.List<com.xieke.admin.entity.LoginLog>> com.xieke.admin.web.LoginLogController.listData(java.lang.String,java.lang.String,java.lang.Integer,java.lang.Integer)
[INFO] 2018-12-26 15:01:09,545 method:org.springframework.web.servlet.handler.AbstractHandlerMethodMapping$MappingRegistry.register(AbstractHandlerMethodMapping.java:543)
Mapped "{[/loginLog/*]}" onto public void com.xieke.admin.web.LoginLogController.toHtml()
[INFO] 2018-12-26 15:01:09,545 method:org.springframework.web.servlet.handler.AbstractHandlerMethodMapping$MappingRegistry.register(AbstractHandlerMethodMapping.java:543)
Mapped "{[/error],produces=[text/html]}" onto public org.springframework.web.servlet.ModelAndView com.xieke.admin.web.MainSiteErrorController.errorHtml(javax.servlet.http.HttpServletRequest,org.springframework.web.servlet.ModelAndView)
[INFO] 2018-12-26 15:01:09,545 method:org.springframework.web.servlet.handler.AbstractHandlerMethodMapping$MappingRegistry.register(AbstractHandlerMethodMapping.java:543)
Mapped "{[/403]}" onto public java.lang.String com.xieke.admin.web.MainSiteErrorController.unauthorizedRole()
[INFO] 2018-12-26 15:01:09,545 method:org.springframework.web.servlet.handler.AbstractHandlerMethodMapping$MappingRegistry.register(AbstractHandlerMethodMapping.java:543)
Mapped "{[/menu/left]}" onto public com.xieke.admin.dto.ResultInfo<java.util.List<com.xieke.admin.dto.MenuInfo>> com.xieke.admin.web.MenuController.getMenuInfoList(java.lang.String)
[INFO] 2018-12-26 15:01:09,555 method:org.springframework.web.servlet.handler.AbstractHandlerMethodMapping$MappingRegistry.register(AbstractHandlerMethodMapping.java:543)
Mapped "{[/permission/save]}" onto public com.xieke.admin.dto.ResultInfo<java.lang.Boolean> com.xieke.admin.web.PermissionController.save(com.xieke.admin.entity.Permission)
[INFO] 2018-12-26 15:01:09,555 method:org.springframework.web.servlet.handler.AbstractHandlerMethodMapping$MappingRegistry.register(AbstractHandlerMethodMapping.java:543)
Mapped "{[/permission/listData]}" onto public com.xieke.admin.dto.ResultInfo<java.util.List<com.xieke.admin.entity.Permission>> com.xieke.admin.web.PermissionController.listData()
[INFO] 2018-12-26 15:01:09,555 method:org.springframework.web.servlet.handler.AbstractHandlerMethodMapping$MappingRegistry.register(AbstractHandlerMethodMapping.java:543)
Mapped "{[/permission/*]}" onto public void com.xieke.admin.web.PermissionController.toHtml()
[INFO] 2018-12-26 15:01:09,555 method:org.springframework.web.servlet.handler.AbstractHandlerMethodMapping$MappingRegistry.register(AbstractHandlerMethodMapping.java:543)
Mapped "{[/permission/typeSelectData]}" onto public com.xieke.admin.dto.ResultInfo<java.util.List<com.xieke.admin.dto.EnumInfo>> com.xieke.admin.web.PermissionController.typeSelectData()
[INFO] 2018-12-26 15:01:09,555 method:org.springframework.web.servlet.handler.AbstractHandlerMethodMapping$MappingRegistry.register(AbstractHandlerMethodMapping.java:543)
Mapped "{[/permission/parentSelectData]}" onto public com.xieke.admin.dto.ResultInfo<java.util.List<com.xieke.admin.entity.Permission>> com.xieke.admin.web.PermissionController.parentSelectData(java.lang.String)
[INFO] 2018-12-26 15:01:09,555 method:org.springframework.web.servlet.handler.AbstractHandlerMethodMapping$MappingRegistry.register(AbstractHandlerMethodMapping.java:543)
Mapped "{[/permission/delBatch]}" onto public com.xieke.admin.dto.ResultInfo<java.lang.Boolean> com.xieke.admin.web.PermissionController.delBatch(java.lang.Integer[])
[INFO] 2018-12-26 15:01:09,555 method:org.springframework.web.servlet.handler.AbstractHandlerMethodMapping$MappingRegistry.register(AbstractHandlerMethodMapping.java:543)
Mapped "{[/permission/xtreeData]}" onto public com.xieke.admin.dto.ResultInfo<java.util.List<com.xieke.admin.dto.PermissionInfo>> com.xieke.admin.web.PermissionController.xtreeData()
[INFO] 2018-12-26 15:01:09,555 method:org.springframework.web.servlet.handler.AbstractHandlerMethodMapping$MappingRegistry.register(AbstractHandlerMethodMapping.java:543)
Mapped "{[/role/save]}" onto public com.xieke.admin.dto.ResultInfo<java.lang.Boolean> com.xieke.admin.web.RoleController.save(com.xieke.admin.entity.Role)
[INFO] 2018-12-26 15:01:09,555 method:org.springframework.web.servlet.handler.AbstractHandlerMethodMapping$MappingRegistry.register(AbstractHandlerMethodMapping.java:543)
Mapped "{[/role/listData]}" onto public com.xieke.admin.dto.ResultInfo<java.util.List<com.xieke.admin.entity.Role>> com.xieke.admin.web.RoleController.listData(com.xieke.admin.entity.Role,java.lang.Integer,java.lang.Integer)
[INFO] 2018-12-26 15:01:09,555 method:org.springframework.web.servlet.handler.AbstractHandlerMethodMapping$MappingRegistry.register(AbstractHandlerMethodMapping.java:543)
Mapped "{[/role/*]}" onto public void com.xieke.admin.web.RoleController.toHtml()
[INFO] 2018-12-26 15:01:09,555 method:org.springframework.web.servlet.handler.AbstractHandlerMethodMapping$MappingRegistry.register(AbstractHandlerMethodMapping.java:543)
Mapped "{[/role/selectListData]}" onto public com.xieke.admin.dto.ResultInfo<java.util.List<com.xieke.admin.entity.Role>> com.xieke.admin.web.RoleController.selectListData(com.xieke.admin.entity.Role)
[INFO] 2018-12-26 15:01:09,555 method:org.springframework.web.servlet.handler.AbstractHandlerMethodMapping$MappingRegistry.register(AbstractHandlerMethodMapping.java:543)
Mapped "{[/role/delBatch]}" onto public com.xieke.admin.dto.ResultInfo<java.lang.Boolean> com.xieke.admin.web.RoleController.delBatch(java.lang.Integer[])
[INFO] 2018-12-26 15:01:09,565 method:org.springframework.web.servlet.handler.AbstractHandlerMethodMapping$MappingRegistry.register(AbstractHandlerMethodMapping.java:543)
Mapped "{[/user/add]}" onto public com.xieke.admin.dto.ResultInfo<java.lang.Boolean> com.xieke.admin.web.UserController.add(com.xieke.admin.entity.User)
[INFO] 2018-12-26 15:01:09,565 method:org.springframework.web.servlet.handler.AbstractHandlerMethodMapping$MappingRegistry.register(AbstractHandlerMethodMapping.java:543)
Mapped "{[/user/count]}" onto public com.xieke.admin.dto.ResultInfo<java.lang.Integer> com.xieke.admin.web.UserController.count()
[INFO] 2018-12-26 15:01:09,565 method:org.springframework.web.servlet.handler.AbstractHandlerMethodMapping$MappingRegistry.register(AbstractHandlerMethodMapping.java:543)
Mapped "{[/user/unlock]}" onto public com.xieke.admin.dto.ResultInfo<java.lang.Boolean> com.xieke.admin.web.UserController.unlock(java.lang.String)
[INFO] 2018-12-26 15:01:09,565 method:org.springframework.web.servlet.handler.AbstractHandlerMethodMapping$MappingRegistry.register(AbstractHandlerMethodMapping.java:543)
Mapped "{[/user/listData]}" onto public com.xieke.admin.dto.ResultInfo<java.util.List<com.xieke.admin.entity.User>> com.xieke.admin.web.UserController.listData(com.xieke.admin.entity.User,java.lang.Integer,java.lang.Integer)
[INFO] 2018-12-26 15:01:09,565 method:org.springframework.web.servlet.handler.AbstractHandlerMethodMapping$MappingRegistry.register(AbstractHandlerMethodMapping.java:543)
Mapped "{[/user/*]}" onto public void com.xieke.admin.web.UserController.toHtml()
[INFO] 2018-12-26 15:01:09,565 method:org.springframework.web.servlet.handler.AbstractHandlerMethodMapping$MappingRegistry.register(AbstractHandlerMethodMapping.java:543)
Mapped "{[/user/edit]}" onto public com.xieke.admin.dto.ResultInfo<java.lang.Boolean> com.xieke.admin.web.UserController.edit(com.xieke.admin.entity.User)
[INFO] 2018-12-26 15:01:09,565 method:org.springframework.web.servlet.handler.AbstractHandlerMethodMapping$MappingRegistry.register(AbstractHandlerMethodMapping.java:543)
Mapped "{[/user/delBatch]}" onto public com.xieke.admin.dto.ResultInfo<java.lang.Boolean> com.xieke.admin.web.UserController.delBatch(java.lang.Integer[])
[INFO] 2018-12-26 15:01:09,565 method:org.springframework.web.servlet.handler.AbstractHandlerMethodMapping$MappingRegistry.register(AbstractHandlerMethodMapping.java:543)
Mapped "{[/user/centerDate]}" onto public com.xieke.admin.dto.ResultInfo<com.xieke.admin.dto.UserInfo> com.xieke.admin.web.UserController.centerDate()
[INFO] 2018-12-26 15:01:09,565 method:org.springframework.web.servlet.handler.AbstractHandlerMethodMapping$MappingRegistry.register(AbstractHandlerMethodMapping.java:543)
Mapped "{[/user/userEdit]}" onto public com.xieke.admin.dto.ResultInfo<java.lang.Boolean> com.xieke.admin.web.UserController.userEdit(com.xieke.admin.entity.User)
[INFO] 2018-12-26 15:01:09,735 method:org.springframework.web.servlet.handler.AbstractUrlHandlerMapping.registerHandler(AbstractUrlHandlerMapping.java:362)
Mapped URL path [/webjars/**] onto handler of type [class org.springframework.web.servlet.resource.ResourceHttpRequestHandler]
[INFO] 2018-12-26 15:01:09,735 method:org.springframework.web.servlet.handler.AbstractUrlHandlerMapping.registerHandler(AbstractUrlHandlerMapping.java:362)
Mapped URL path [/static/**] onto handler of type [class org.springframework.web.servlet.resource.ResourceHttpRequestHandler]
[INFO] 2018-12-26 15:01:09,785 method:org.springframework.web.servlet.mvc.method.annotation.ExceptionHandlerExceptionResolver.initExceptionHandlerAdviceCache(ExceptionHandlerExceptionResolver.java:273)
Detected @ExceptionHandler methods in globalExceptionHandler
[INFO] 2018-12-26 15:01:09,855 method:org.springframework.web.servlet.handler.AbstractUrlHandlerMapping.registerHandler(AbstractUrlHandlerMapping.java:362)
Mapped URL path [/**/favicon.ico] onto handler of type [class org.springframework.web.servlet.resource.ResourceHttpRequestHandler]
[INFO] 2018-12-26 15:01:11,074 method:org.springframework.boot.StartupInfoLogger.logStarted(StartupInfoLogger.java:57)
Started CommonAdminApplicationTests in 8.628 seconds (JVM running for 9.599)
[INFO] 2018-12-26 15:01:11,194 method:org.springframework.context.support.AbstractApplicationContext.doClose(AbstractApplicationContext.java:984)
Closing org.springframework.web.context.support.GenericWebApplicationContext@4da4253: startup date [Wed Dec 26 15:01:02 CST 2018]; root of context hierarchy
[INFO] 2018-12-26 15:01:11,204 method:com.alibaba.druid.pool.DruidDataSource.close(DruidDataSource.java:1383)
{dataSource-1} closed
